<?xml version="1.0" encoding="UTF-8"?>
<testng-results ignored="0" total="1" passed="1" failed="0" skipped="0">
  <reporter-output>
  </reporter-output>
  <suite started-at="2023-10-30T15:07:35 IST" name="Default suite" finished-at="2023-10-30T15:07:35 IST" duration-ms="99">
    <groups>
    </groups>
    <test started-at="2023-10-30T15:07:35 IST" name="Default test" finished-at="2023-10-30T15:07:35 IST" duration-ms="99">
      <class name="example2">
        <test-method signature="check()[pri:0, instance:example2@1bb266b3]" started-at="2023-10-30T15:07:35 IST" name="check" finished-at="2023-10-30T15:07:35 IST" duration-ms="16" status="PASS">
          <reporter-output>
          </reporter-output>
        </test-method> <!-- check -->
      </class> <!-- example2 -->
    </test> <!-- Default test -->
  </suite> <!-- Default suite -->
</testng-results>
