<?xml version="1.0" encoding="UTF-8"?>
<testng-results ignored="0" total="2" passed="2" failed="0" skipped="0">
  <reporter-output>
  </reporter-output>
  <suite started-at="2023-10-31T14:03:36 IST" name="Default suite" finished-at="2023-10-31T14:03:37 IST" duration-ms="94">
    <groups>
    </groups>
    <test started-at="2023-10-31T14:03:36 IST" name="Default test" finished-at="2023-10-31T14:03:37 IST" duration-ms="94">
      <class name="example2">
        <test-method signature="check()[pri:0, instance:example2@152aa092]" started-at="2023-10-31T14:03:37 IST" name="check" finished-at="2023-10-31T14:03:37 IST" duration-ms="14" status="PASS">
          <reporter-output>
          </reporter-output>
        </test-method> <!-- check -->
        <test-method signature="check1()[pri:0, instance:example2@152aa092]" started-at="2023-10-31T14:03:37 IST" name="check1" finished-at="2023-10-31T14:03:37 IST" duration-ms="3" status="PASS">
          <reporter-output>
          </reporter-output>
        </test-method> <!-- check1 -->
      </class> <!-- example2 -->
    </test> <!-- Default test -->
  </suite> <!-- Default suite -->
</testng-results>
